Arguments: 
  /home/amy930629/.nvm/versions/node/v18.16.0/bin/node /home/amy930629/.cache/node/corepack/yarn/1.22.19/bin/yarn.js install

PATH: 
  /home/amy930629/.nvm/versions/node/v18.16.0/bin:/home/amy930629/.vscode-server/bin/6445d93c81ebe42c4cbd7a60712e0b17d9463e97/bin/remote-cli:/home/amy930629/.local/share/pnpm:/usr/local/sbin:/usr/local/bin:/usr/sbin:/usr/bin:/sbin:/bin:/usr/games:/usr/local/games:/usr/lib/wsl/lib:/mnt/c/Program Files/Microsoft/jdk-11.0.12.7-hotspot/bin:/mnt/c/Users/ilove/Scripts/:/mnt/c/Users/ilove/:/mnt/c/WINDOWS/system32:/mnt/c/WINDOWS:/mnt/c/WINDOWS/System32/Wbem:/mnt/c/WINDOWS/System32/WindowsPowerShell/v1.0/:/mnt/c/WINDOWS/System32/OpenSSH/:/mnt/c/Program Files (x86)/Pulse Secure/VC142.CRT/X64/:/mnt/c/Program Files (x86)/Pulse Secure/VC142.CRT/X86/:/mnt/c/Program Files (x86)/Common Files/Pulse Secure/TNC Client Plugin/:/mnt/c/Program Files/Git/cmd:/mnt/c/Program Files/Docker/Docker/resources/bin:/mnt/c/Users/ilove/AppData/Local/Microsoft/WindowsApps:/mnt/c/Users/ilove/AppData/Local/Programs/Microsoft VS Code/bin:/mnt/c/Users/ilove/AppData/Local/GitHubDesktop/bin:/mnt/c/Users/ilove/Infineon/LauncherService:/snap/bin

Yarn version: 
  1.22.19

Node version: 
  18.16.0

Platform: 
  linux x64

Trace: 
  Error: ENOENT: no such file or directory, copyfile '/home/amy930629/.cache/yarn/v6/npm-ms-2.1.2-d09d1f357b443f493382a8eb3ccd183872ae6009-integrity/node_modules/ms/index.js' -> '/home/amy930629/VMKS-Website/backend/node_modules/@babel/core/node_modules/ms/index.js'

npm manifest: 
  {
    "name": "backend",
    "version": "1.0.0",
    "main": "index.js",
    "scripts": {
      "setup": "npm install dotenv-cli && npm install ts-node",
      "generate": "npx prisma generate",
      "migrate": "dotenv -e .env.development -- npx prisma migrate dev --name init",
      "studio": "dotenv -e .env.development -- npx prisma studio",
      "start": "dotenv -e .env.development -- ts-node-esm ./src/index.ts"
    },
    "keywords": [],
    "author": "",
    "license": "ISC",
    "devDependencies": {
      "@babel/cli": "^7.22.5",
      "@babel/core": "^7.22.5",
      "@babel/node": "^7.22.5",
      "@babel/preset-env": "^7.22.5",
      "@types/body-parser": "^1.19.2",
      "@types/cors": "^2.8.13",
      "@types/node": "^20.4.8",
      "@types/ws": "^8.5.5",
      "prisma": "^5.1.1",
      "ts-node": "^10.9.1",
      "typescript": "^5.1.3"
    },
    "dependencies": {
      "@apollo/server": "^4.7.5",
      "@graphql-tools/schema": "^10.0.0",
      "@prisma/client": "^5.1.1",
      "body-parser": "^1.20.2",
      "cors": "^2.8.5",
      "dotenv-cli": "^7.2.1",
      "express": "^4.18.2",
      "graphql": "^16.7.1",
      "graphql-subscriptions": "^2.0.0",
      "graphql-ws": "^5.14.0",
      "nodemon": "^2.0.22",
      "ws": "^8.13.0"
    },
    "description": "",
    "type": "module"
  }

yarn manifest: 
  No manifest

Lockfile: 
  No lockfile
